<?xml version="1.0" encoding="UTF-8"?>
<testsuite name="pt.up.fe.ldts.example5.TurtleTest" tests="3" skipped="0" failures="0" errors="0" timestamp="2021-12-10T15:14:46" hostname="LAPTOP-8D29A3SM" time="0.036">
  <properties/>
  <testcase name="testForward()" classname="pt.up.fe.ldts.example5.TurtleTest" time="0.006"/>
  <testcase name="testRotateLeft()" classname="pt.up.fe.ldts.example5.TurtleTest" time="0.002"/>
  <testcase name="testRotateRight()" classname="pt.up.fe.ldts.example5.TurtleTest" time="0.024"/>
  <system-out><![CDATA[]]></system-out>
  <system-err><![CDATA[]]></system-err>
</testsuite>
