<?xml version="1.0" encoding="UTF-8"?>
<testsuite name="pt.up.fe.ldts.example3.SimpleOrderTest" tests="3" skipped="0" failures="0" errors="0" timestamp="2021-12-10T15:14:46" hostname="LAPTOP-8D29A3SM" time="0.005">
  <properties/>
  <testcase name="testFixedDiscount()" classname="pt.up.fe.ldts.example3.SimpleOrderTest" time="0.001"/>
  <testcase name="testPercentageDiscount()" classname="pt.up.fe.ldts.example3.SimpleOrderTest" time="0.001"/>
  <testcase name="testNoDiscount()" classname="pt.up.fe.ldts.example3.SimpleOrderTest" time="0.002"/>
  <system-out><![CDATA[]]></system-out>
  <system-err><![CDATA[]]></system-err>
</testsuite>
