<?xml version="1.0" encoding="UTF-8"?>
<testsuite name="pt.up.fe.ldts.example2.ShapeTest" tests="6" skipped="0" failures="0" errors="0" timestamp="2021-12-10T15:14:45" hostname="LAPTOP-8D29A3SM" time="1.134">
  <properties/>
  <testcase name="getAreaRectangle()" classname="pt.up.fe.ldts.example2.ShapeTest" time="0.005"/>
  <testcase name="getPerimeterCircle()" classname="pt.up.fe.ldts.example2.ShapeTest" time="0.004"/>
  <testcase name="drawCircle()" classname="pt.up.fe.ldts.example2.ShapeTest" time="1.113"/>
  <testcase name="getAreaCircle()" classname="pt.up.fe.ldts.example2.ShapeTest" time="0.0"/>
  <testcase name="getPerimeterRectangle()" classname="pt.up.fe.ldts.example2.ShapeTest" time="0.001"/>
  <testcase name="drawRectangle()" classname="pt.up.fe.ldts.example2.ShapeTest" time="0.007"/>
  <system-out><![CDATA[]]></system-out>
  <system-err><![CDATA[]]></system-err>
</testsuite>
